{"contracts/MetaverseFund.sol":{"l":{"72":1,"73":1,"74":1,"75":1,"82":1,"83":1,"84":1,"85":1,"86":1,"93":1,"94":1,"95":1,"96":1,"97":1,"108":3,"109":3,"110":3,"111":3,"112":3,"113":2,"114":2,"115":2,"117":1,"123":4,"124":4,"130":5,"131":5,"136":4,"137":4,"138":4},"path":"/Users/eitan/Documents/Projects/Blockchain/Chainlink2021/MetaverseETF/contracts/MetaverseFund.sol","s":{"1":1,"2":1,"3":1,"4":1,"5":1,"6":1,"7":1,"8":1,"9":1,"10":1,"11":1,"12":1,"13":1,"14":1,"15":3,"16":3,"17":3,"18":3,"19":3,"20":2,"21":2,"22":2,"23":1,"24":4,"25":5,"26":4,"27":4},"b":{"1":[1,0],"2":[1,0],"3":[1,0],"4":[1,0],"5":[3,0],"6":[2,1],"7":[4,0],"8":[5,0],"9":[4,0],"10":[4,0]},"f":{"1":3,"2":1,"3":1,"4":1,"5":3,"6":4,"7":5,"8":4},"fnMap":{"1":{"name":"constructor","line":65,"loc":{"start":{"line":65,"column":4},"end":{"line":67,"column":4}}},"2":{"name":"addToken","line":71,"loc":{"start":{"line":71,"column":4},"end":{"line":76,"column":4}}},"3":{"name":"updatePrice","line":81,"loc":{"start":{"line":81,"column":4},"end":{"line":87,"column":4}}},"4":{"name":"buyShares","line":92,"loc":{"start":{"line":92,"column":4},"end":{"line":98,"column":4}}},"5":{"name":"sellShares","line":107,"loc":{"start":{"line":107,"column":4},"end":{"line":119,"column":4}}},"6":{"name":"hasToken","line":122,"loc":{"start":{"line":122,"column":4},"end":{"line":125,"column":4}}},"7":{"name":"notNull","line":129,"loc":{"start":{"line":129,"column":4},"end":{"line":132,"column":4}}},"8":{"name":"priceSet","line":135,"loc":{"start":{"line":135,"column":4},"end":{"line":139,"column":4}}}},"statementMap":{"1":{"start":{"line":72,"column":8},"end":{"line":72,"column":35}},"2":{"start":{"line":73,"column":8},"end":{"line":73,"column":21}},"3":{"start":{"line":74,"column":8},"end":{"line":74,"column":53}},"4":{"start":{"line":75,"column":8},"end":{"line":75,"column":43}},"5":{"start":{"line":82,"column":8},"end":{"line":82,"column":31}},"6":{"start":{"line":83,"column":8},"end":{"line":83,"column":33}},"7":{"start":{"line":84,"column":8},"end":{"line":84,"column":42}},"8":{"start":{"line":85,"column":8},"end":{"line":85,"column":46}},"9":{"start":{"line":86,"column":8},"end":{"line":86,"column":50}},"10":{"start":{"line":93,"column":8},"end":{"line":93,"column":30}},"11":{"start":{"line":94,"column":8},"end":{"line":94,"column":100}},"12":{"start":{"line":95,"column":8},"end":{"line":95,"column":73}},"13":{"start":{"line":96,"column":8},"end":{"line":96,"column":50}},"14":{"start":{"line":97,"column":8},"end":{"line":97,"column":64}},"15":{"start":{"line":108,"column":8},"end":{"line":108,"column":27}},"16":{"start":{"line":109,"column":8},"end":{"line":109,"column":38}},"17":{"start":{"line":110,"column":8},"end":{"line":110,"column":97}},"18":{"start":{"line":111,"column":8},"end":{"line":111,"column":73}},"19":{"start":{"line":112,"column":8},"end":{"line":112,"column":5818}},"20":{"start":{"line":113,"column":12},"end":{"line":113,"column":53}},"21":{"start":{"line":114,"column":12},"end":{"line":114,"column":38}},"22":{"start":{"line":115,"column":12},"end":{"line":115,"column":66}},"23":{"start":{"line":117,"column":12},"end":{"line":117,"column":72}},"24":{"start":{"line":123,"column":8},"end":{"line":123,"column":35}},"25":{"start":{"line":130,"column":8},"end":{"line":130,"column":38}},"26":{"start":{"line":136,"column":8},"end":{"line":136,"column":43}},"27":{"start":{"line":137,"column":8},"end":{"line":137,"column":45}}},"branchMap":{"1":{"line":72,"type":"if","locations":[{"start":{"line":72,"column":8},"end":{"line":72,"column":8}},{"start":{"line":72,"column":8},"end":{"line":72,"column":8}}]},"2":{"line":82,"type":"if","locations":[{"start":{"line":82,"column":8},"end":{"line":82,"column":8}},{"start":{"line":82,"column":8},"end":{"line":82,"column":8}}]},"3":{"line":83,"type":"if","locations":[{"start":{"line":83,"column":8},"end":{"line":83,"column":8}},{"start":{"line":83,"column":8},"end":{"line":83,"column":8}}]},"4":{"line":93,"type":"if","locations":[{"start":{"line":93,"column":8},"end":{"line":93,"column":8}},{"start":{"line":93,"column":8},"end":{"line":93,"column":8}}]},"5":{"line":108,"type":"if","locations":[{"start":{"line":108,"column":8},"end":{"line":108,"column":8}},{"start":{"line":108,"column":8},"end":{"line":108,"column":8}}]},"6":{"line":112,"type":"if","locations":[{"start":{"line":112,"column":8},"end":{"line":112,"column":8}},{"start":{"line":112,"column":8},"end":{"line":112,"column":8}}]},"7":{"line":123,"type":"if","locations":[{"start":{"line":123,"column":8},"end":{"line":123,"column":8}},{"start":{"line":123,"column":8},"end":{"line":123,"column":8}}]},"8":{"line":130,"type":"if","locations":[{"start":{"line":130,"column":8},"end":{"line":130,"column":8}},{"start":{"line":130,"column":8},"end":{"line":130,"column":8}}]},"9":{"line":136,"type":"if","locations":[{"start":{"line":136,"column":8},"end":{"line":136,"column":8}},{"start":{"line":136,"column":8},"end":{"line":136,"column":8}}]},"10":{"line":137,"type":"if","locations":[{"start":{"line":137,"column":8},"end":{"line":137,"column":8}},{"start":{"line":137,"column":8},"end":{"line":137,"column":8}}]}}},"contracts/MetaverseFundOperator.sol":{"l":{},"path":"/Users/eitan/Documents/Projects/Blockchain/Chainlink2021/MetaverseETF/contracts/MetaverseFundOperator.sol","s":{},"b":{},"f":{"1":3},"fnMap":{"1":{"name":"constructor","line":7,"loc":{"start":{"line":7,"column":4},"end":{"line":8,"column":4}}}},"statementMap":{},"branchMap":{}},"contracts/MetaverseFundToken.sol":{"l":{"16":1,"20":2},"path":"/Users/eitan/Documents/Projects/Blockchain/Chainlink2021/MetaverseETF/contracts/MetaverseFundToken.sol","s":{"1":1,"2":2},"b":{},"f":{"1":3,"2":1,"3":2},"fnMap":{"1":{"name":"constructor","line":12,"loc":{"start":{"line":12,"column":4},"end":{"line":13,"column":4}}},"2":{"name":"mint","line":15,"loc":{"start":{"line":15,"column":4},"end":{"line":17,"column":4}}},"3":{"name":"burn","line":19,"loc":{"start":{"line":19,"column":4},"end":{"line":21,"column":4}}}},"statementMap":{"1":{"start":{"line":16,"column":8},"end":{"line":16,"column":37}},"2":{"start":{"line":20,"column":8},"end":{"line":20,"column":37}}},"branchMap":{}},"contracts/MetaverseFundWallet.sol":{"l":{},"path":"/Users/eitan/Documents/Projects/Blockchain/Chainlink2021/MetaverseETF/contracts/MetaverseFundWallet.sol","s":{},"b":{},"f":{"1":3},"fnMap":{"1":{"name":"constructor","line":10,"loc":{"start":{"line":10,"column":4},"end":{"line":11,"column":4}}}},"statementMap":{},"branchMap":{}}}